\BOOKMARK [-1][-]{part.1}{I Iterazione 0}{}% 1
\BOOKMARK [0][-]{chapter.1}{Requisiti e specifiche}{part.1}% 2
\BOOKMARK [1][-]{section.1.1}{Requisiti utente}{chapter.1}% 3
\BOOKMARK [0][-]{chapter.2}{Use cases}{part.1}% 4
\BOOKMARK [1][-]{section.2.1}{Analisi testuale dei casi d'uso}{chapter.2}% 5
\BOOKMARK [1][-]{section.2.2}{Use Case Diagram}{chapter.2}% 6
\BOOKMARK [1][-]{section.2.3}{Funzionalit\340 richieste}{chapter.2}% 7
\BOOKMARK [1][-]{section.2.4}{Stati del libro}{chapter.2}% 8
\BOOKMARK [1][-]{section.2.5}{Tool chain}{chapter.2}% 9
\BOOKMARK [0][-]{chapter.3}{Architettura}{part.1}% 10
\BOOKMARK [1][-]{section.3.1}{Deployment diagram}{chapter.3}% 11
\BOOKMARK [1][-]{section.3.2}{Architecture Envisioning}{chapter.3}% 12
\BOOKMARK [1][-]{section.3.3}{Database architecture}{chapter.3}% 13
\BOOKMARK [-1][-]{part.2}{II Iterazione 1}{}% 14
\BOOKMARK [0][-]{chapter.4}{Architettura}{part.2}% 15
\BOOKMARK [1][-]{section.4.1}{Architettura software}{chapter.4}% 16
\BOOKMARK [1][-]{section.4.2}{Logical view}{chapter.4}% 17
\BOOKMARK [0][-]{chapter.5}{Analisi dei componenti}{part.2}% 18
\BOOKMARK [0][-]{chapter.6}{Observer-delegate pattern: la nostra implementazione}{part.2}% 19
\BOOKMARK [0][-]{chapter.7}{Implementazione comunicazione server}{part.2}% 20
\BOOKMARK [1][-]{section.7.1}{il framework Netty}{chapter.7}% 21
\BOOKMARK [1][-]{section.7.2}{semantica dei messaggi}{chapter.7}% 22
\BOOKMARK [0][-]{chapter.8}{Creazione della base di dati}{part.2}% 23
\BOOKMARK [0][-]{chapter.9}{Parte algoritmica: reservation handler}{part.2}% 24
\BOOKMARK [-1][-]{part.3}{III Iterazione 2}{}% 25
\BOOKMARK [0][-]{chapter.10}{Analisi dei componenti}{part.3}% 26
